[debug] [2024-12-04T21:08:01.321Z] ----------------------------------------------------------------------
[debug] [2024-12-04T21:08:01.338Z] Command:       C:\Program Files\nodejs\node.exe C:\Users\jatin\AppData\Roaming\npm\node_modules\firebase-tools\lib\bin\firebase.js init
[debug] [2024-12-04T21:08:01.339Z] CLI Version:   13.27.0
[debug] [2024-12-04T21:08:01.340Z] Platform:      win32
[debug] [2024-12-04T21:08:01.340Z] Node Version:  v20.11.0
[debug] [2024-12-04T21:08:01.340Z] Time:          Thu Dec 05 2024 02:38:01 GMT+0530 (India Standard Time)
[debug] [2024-12-04T21:08:01.341Z] ----------------------------------------------------------------------
[debug] 
[debug] [2024-12-04T21:08:01.347Z] >>> [apiv2][query] GET https://firebase-public.firebaseio.com/cli.json [none]
[debug] [2024-12-04T21:08:01.470Z] > command requires scopes: ["email","openid","https://www.googleapis.com/auth/cloudplatformprojects.readonly","https://www.googleapis.com/auth/firebase","https://www.googleapis.com/auth/cloud-platform"]
[debug] [2024-12-04T21:08:01.471Z] > authorizing via signed-in user (jatin9728722861@gmail.com)
[info] 
     ######## #### ########  ######## ########     ###     ######  ########
     ##        ##  ##     ## ##       ##     ##  ##   ##  ##       ##
     ######    ##  ########  ######   ########  #########  ######  ######
     ##        ##  ##    ##  ##       ##     ## ##     ##       ## ##
     ##       #### ##     ## ######## ########  ##     ##  ######  ########

You're about to initialize a Firebase project in this directory:

  C:\Users\jatin\OneDrive\Desktop\docnotify1\docnotify2

[debug] [2024-12-04T21:08:02.234Z] <<< [apiv2][status] GET https://firebase-public.firebaseio.com/cli.json 200
[debug] [2024-12-04T21:08:02.234Z] <<< [apiv2][body] GET https://firebase-public.firebaseio.com/cli.json {"cloudBuildErrorAfter":1594252800000,"cloudBuildWarnAfter":1590019200000,"defaultNode10After":1594252800000,"minVersion":"3.0.5","node8DeploysDisabledAfter":1613390400000,"node8RuntimeDisabledAfter":1615809600000,"node8WarnAfter":1600128000000}
